make all --print-data-base --no-builtin-variables --no-builtin-rules --question
# GNU Make 3.81
# Copyright (C) 2006  Free Software Foundation, Inc.
# This is free software; see the source for copying conditions.
# There is NO warranty; not even for MERCHANTABILITY or FITNESS FOR A
# PARTICULAR PURPOSE.
 

# This program built for i386-apple-darwin11.3.0
 

# Make data base, printed on Mon Oct 24 21:14:42 2022

# Variables

# automatic
<D = $(patsubst %/,%,$(dir $<))
# automatic
?F = $(notdir $?)
# environment
ELECTRON_NO_ATTACH_CONSOLE = 1
# makefile (from `Makefile', line 74)
 
OBJ = $(addprefix $(OBJS_DIR)/,$(SRC:.c=.o))
# makefile (from `Makefile', line 32)
SRC = cd.c ast.c pwd.c env.c exit.c exec.c main.c free.c echo.c unset.c utils.c error.c parser.c signal.c export.c in_file.c files_lst_heredoc.c do_dir.c out_file.c do_other.c init_env.c path_cmd.c cd_utils.c token_len.c assign_io.c cd_utils_2.c pipe_parser.c save_tokens.c cmd_lst_new.c export_utils.c cmd_add_back.c count_tokens.c files_lst_new.c exec_simple.c files_add_back.c export_utils_2.c token_len_utils.c print_miniconcha.c save_tokens_init.c save_tokens_utils.c find_cmd_after_redir.c 
# environment
LC_CTYPE = UTF-8
# automatic
?D = $(patsubst %/,%,$(dir $?))
# automatic
@D = $(patsubst %/,%,$(dir $@))
# makefile (from `Makefile', line 27)
LIBS_HEADERS = -I $(LIBS_DIR)/Libft/include/ -I $(LIBS_DIR)/Get_Next_Line/include/ 
# automatic
@F = $(notdir $@)
# makefile
CURDIR := /Users/develoi89/Desktop/minishell_42/Minishell
# makefile
SHELL = /bin/sh
# environment
VSCODE_NLS_CONFIG = {"locale":"en-gb","availableLanguages":{},"_languagePackSupport":true}
# environment
_ = /usr/bin/make
# makefile (from `Makefile', line 79)
CFLAGS = -Wall -Wextra -Werror -g $(INC) -I ~/.brew/opt/readline/include
# makefile (from `Makefile', line 1)
MAKEFILE_LIST :=  Makefile
# environment
__CFBundleIdentifier = com.microsoft.VSCode
# environment
INFOPATH = /opt/homebrew/share/info:
# environment
VSCODE_CWD = /Users/develoi89/Desktop/minishell_42/Minishell
# makefile (from `Makefile', line 20)
OBJS_DIR = objs
# environment
PATH = /Library/Frameworks/Python.framework/Versions/3.10/bin:/opt/homebrew/bin:/opt/homebrew/sbin:/usr/local/bin:/usr/bin:/bin:/usr/sbin:/sbin:/Library/Apple/usr/bin
# environment
LSCOLORS = Gxfxcxdxbxegedabagacad
# makefile (from `Makefile', line 17)
INCLUDE_DIR = include
# environment
ELECTRON_RUN_AS_NODE = 1
# default
.FEATURES := target-specific order-only second-expansion else-if archives jobserver check-symlink
# environment
SSH_AUTH_SOCK = /private/tmp/com.apple.launchd.iv7wut4xGG/Listeners
# automatic
%F = $(notdir $%)
# environment
PWD = /Users/develoi89/Desktop/minishell_42/Minishell
# environment
HOMEBREW_CELLAR = /opt/homebrew/Cellar
# environment
ORIGINAL_XDG_CURRENT_DESKTOP = undefined
# environment
MANPATH = /opt/homebrew/share/man::
# environment
VSCODE_AMD_ENTRYPOINT = vs/workbench/api/node/extensionHostProcess
# environment
HOME = /Users/develoi89
# default
MAKEFILEPATH := /Applications/Xcode.app/Contents/Developer/Makefiles
# environment
VSCODE_CLI = 1
# environment
VSCODE_CODE_CACHE_PATH = /Users/develoi89/Library/Application Support/Code/CachedData/74b1f979648cc44d385a2286793c226e611f59e7
# environment
LOGNAME = develoi89
# environment
APPLICATION_INSIGHTS_NO_DIAGNOSTIC_CHANNEL = 1
# environment
ZSH = /Users/develoi89/.oh-my-zsh
# environment
VSCODE_HANDLES_UNCAUGHT_ERRORS = true
# automatic
^D = $(patsubst %/,%,$(dir $^))
# environment
XPC_FLAGS = 0x0
# environment
COLORTERM = truecolor
# default
MAKE = $(MAKE_COMMAND)
# environment
LC_TERMINAL = iTerm2
# environment
SHLVL = 3
# makefile (from `Makefile', line 78)
CC = gcc
# default
MAKE_VERSION := 3.81
# environment
USER = develoi89
# makefile
.DEFAULT_GOAL := all
# default
MAKECMDGOALS := all
# environment
TERM_SESSION_ID = w0t0p0:5259A569-DF2F-4B0C-83A2-3F07F4B7C8B9
# makefile (from `Makefile', line 13)
NAME = minishell
# environment
LESS = -R
# automatic
%D = $(patsubst %/,%,$(dir $%))
# makefile (from `Makefile', line 19)
LIBS_DIR = libs
# default
 
MAKE_COMMAND := /Applications/Xcode.app/Contents/Developer/usr/bin/make
# makefile (from `Makefile', line 30)
INC = -I $(INCLUDE_DIR) $(LIBS_HEADERS)
# environment
TERM_PROGRAM = iTerm.app
# default
.VARIABLES := 
# environment
TMPDIR = /var/folders/jk/j5nhjv9x6_5dp1hl7ngmwtl00000gn/T/
# automatic
*F = $(notdir $*)
# environment
VSCODE_IPC_HOOK = /Users/develoi89/Library/Application Support/Code/1.71.2-main.sock
# environment
MallocNanoZone = 0
# makefile
MAKEFLAGS = Rrqp
# environment
MFLAGS = -Rrqp
# automatic
*D = $(patsubst %/,%,$(dir $*))
# environment
TERM_PROGRAM_VERSION = 3.4.16
# environment
XPC_SERVICE_NAME = application.com.microsoft.VSCode.4108217.4108223.A6945878-2A83-429E-861B-91CDEED1BBD7
# environment
LC_TERMINAL_VERSION = 3.4.16
# environment
HOMEBREW_PREFIX = /opt/homebrew
# automatic
+D = $(patsubst %/,%,$(dir $+))
# automatic
+F = $(notdir $+)
# environment
ITERM_SESSION_ID = w0t0p0:5259A569-DF2F-4B0C-83A2-3F07F4B7C8B9
# environment
HOMEBREW_REPOSITORY = /opt/homebrew
# environment
COLORFGBG = 7;0
# environment
__CF_USER_TEXT_ENCODING = 0x1F5:0x0:0x0
 
# environment
COMMAND_MODE = unix2003
# default
MAKEFILES := 
# makefile (from `Makefile', line 18)
SRC_DIR = src
# automatic
<F = $(notdir $<)
# environment
ITERM_PROFILE = Default
# environment
PAGER = less
# environment
LC_ALL = C
# makefile (from `Makefile', line 24)
LIBS = $(LIBS_DIR)/Libft/libft.a $(LIBS_DIR)/Get_Next_Line/get_next_line.a 
# automatic
^F = $(notdir $^)
# default
SUFFIXES := 
# environment
MAKELEVEL := 0
# environment
LANG = C
# environment
TERM = xterm-256color
# environment
VSCODE_PID = 1851
# variable set hash-table stats:
# Load=91/1024=9%, Rehash=0, Collisions=8/133=6%

# Pattern-specific Variable Values

# No pattern-specific variable values.

# Directories

# include (device 16777233, inode 5298264): No files, no impossibilities so far.
# . (device 16777233, inode 5297996): 11 files, no impossibilities.
# src (device 16777233, inode 5298452): 33 files, no impossibilities so far.

# 44 files, no impossibilities in 3 directories.

# Implicit Rules

objs/%.o: src/%.c ./include/minishell.h
#  commands to execute (from `Makefile', line 84):
	@mkdir -p $(dir $@)
	@$(CC) -c $(CFLAGS) -o $@ $<
	@echo "Compiling $^"
	

# 1 implicit rules, 0 (0.0%) terminal.

# Files

# Not a target:
objs/ast.o:
#  Implicit rule search has not been done.
#  Modification time never checked.
#  File has not been updated.

# Not a target:
objs/cmd_add_back.o:
#  Implicit rule search has not been done.
#  Modification time never checked.
#  File has not been updated.

# Not a target:
objs/save_tokens_utils.o:
#  Implicit rule search has not been done.
#  Modification time never checked.
#  File has not been updated.

# Not a target:
objs/files_add_back.o:
#  Implicit rule search has not been done.
#  Modification time never checked.
#  File has not been updated.

# Not a target:
objs/export_utils.o:
#  Implicit rule search has not been done.
#  Modification time never checked.
#  File has not been updated.

# Not a target:
objs/main.o:
#  Implicit rule search has not been done.
#  Modification time never checked.
#  File has not been updated.

all: minishell
#  Phony target (prerequisite of .PHONY).
#  Command-line target.
#  Implicit rule search has not been done.
#  File does not exist.
#  File has been updated.
#  Needs to be updated (-q is set).
# variable set hash-table stats:
# Load=0/32=0%, Rehash=0, Collisions=0/9=0%

# Not a target:
include/minishell.h:
#  Implicit rule search has been done.
#  Last modified 2022-09-23 12:45:24
#  File has been updated.
#  Successfully updated.
# variable set hash-table stats:
# Load=0/32=0%, Rehash=0, Collisions=0/0=0%

# Not a target:
objs/error.o:
#  Implicit rule search has not been done.
#  Modification time never checked.
#  File has not been updated.

.PHONY: all re clean fclean
#  Implicit rule search has not been done.
#  Modification time never checked.
#  File has not been updated.

# Not a target:
objs/cmd_lst_new.o:
#  Implicit rule search has not been done.
#  Modification time never checked.
#  File has not been updated.

# Not a target:
objs/files_lst_new.o:
#  Implicit rule search has not been done.
#  Modification time never checked.
#  File has not been updated.

# Not a target:
objs/in_file.o:
#  Implicit rule search has not been done.
#  Modification time never checked.
#  File has not been updated.

# Not a target:
objs/assign_io.o:
#  Implicit rule search has not been done.
#  Modification time never checked.
#  File has not been updated.

# Not a target:
objs/find_cmd_after_redir.o:
#  Implicit rule search has not been done.
#  Modification time never checked.
#  File has not been updated.

# Not a target:
.SUFFIXES:
#  Implicit rule search has not been done.
#  Modification time never checked.
#  File has not been updated.

# Not a target:
objs/pwd.o:
#  Implicit rule search has not been done.
#  Modification time never checked.
#  File has not been updated.

# Not a target:
Makefile:
#  Implicit rule search has been done.
#  Last modified 2022-09-23 12:45:24
#  File has been updated.
#  Successfully updated.
# variable set hash-table stats:
# Load=0/32=0%, Rehash=0, Collisions=0/0=0%

objs/cd.o: src/cd.c include/minishell.h
#  Implicit rule search has been done.
#  Implicit/static pattern stem: `cd'
#  File does not exist.
#  File has been updated.
#  Needs to be updated (-q is set).
# automatic
# @ := objs/cd.o
# automatic
# % := 
# automatic
# * := cd
# automatic
# + := src/cd.c include/minishell.h
# automatic
# | := 
# automatic
# < := src/cd.c
# automatic
# ^ := src/cd.c include/minishell.h
# automatic
# ? := src/cd.c include/minishell.h
# variable set hash-table stats:
# Load=8/32=25%, Rehash=0, Collisions=2/21=10%
#  commands to execute (from `Makefile', line 84):
	@mkdir -p $(dir $@)
	@$(CC) -c $(CFLAGS) -o $@ $<
	@echo "Compiling $^"
	

# Not a target:
objs/cd_utils_2.o:
#  Implicit rule search has not been done.
#  Modification time never checked.
#  File has not been updated.

# Not a target:
objs/exec_simple.o:
#  Implicit rule search has not been done.
#  Modification time never checked.
#  File has not been updated.

# Not a target:
objs/init_env.o:
#  Implicit rule search has not been done.
#  Modification time never checked.
#  File has not been updated.

# Not a target:
objs/echo.o:
#  Implicit rule search has not been done.
#  Modification time never checked.
#  File has not been updated.
 

# Not a target:
objs/save_tokens.o:
#  Implicit rule search has not been done.
#  Modification time never checked.
#  File has not been updated.

# Not a target:
objs/export.o:
#  Implicit rule search has not been done.
#  Modification time never checked.
#  File has not been updated.

# Not a target:
objs/free.o:
#  Implicit rule search has not been done.
#  Modification time never checked.
#  File has not been updated.

minishell: objs/cd.o objs/ast.o objs/pwd.o objs/env.o objs/exit.o objs/exec.o objs/main.o objs/free.o objs/echo.o objs/unset.o objs/utils.o objs/error.o objs/parser.o objs/signal.o objs/export.o objs/in_file.o objs/files_lst_heredoc.o objs/do_dir.o objs/out_file.o objs/do_other.o objs/init_env.o objs/path_cmd.o objs/cd_utils.o objs/token_len.o objs/assign_io.o objs/cd_utils_2.o objs/pipe_parser.o objs/save_tokens.o objs/cmd_lst_new.o objs/export_utils.o objs/cmd_add_back.o objs/count_tokens.o objs/files_lst_new.o objs/exec_simple.o objs/files_add_back.o objs/export_utils_2.o objs/token_len_utils.o objs/print_miniconcha.o objs/save_tokens_init.o objs/save_tokens_utils.o objs/find_cmd_after_redir.o libs/Libft/libft.a libs/Get_Next_Line/get_next_line.a include/minishell.h
#  Implicit rule search has not been done.
#  File does not exist.
#  File has been updated.
#  Needs to be updated (-q is set).
# variable set hash-table stats:
# Load=0/32=0%, Rehash=0, Collisions=0/9=0%
#  commands to execute (from `Makefile', line 91):
	@$(CC) $(CFLAGS) $(OBJ) -lreadline -L ~/.brew/opt/readline/lib $(LIBS) -o $(NAME)
	@echo "Built $(NAME)"
	

# Not a target:
objs/export_utils_2.o:
#  Implicit rule search has not been done.
#  Modification time never checked.
#  File has not been updated.

# Not a target:
objs/token_len_utils.o:
#  Implicit rule search has not been done.
#  Modification time never checked.
#  File has not been updated.

fclean: clean
#  Phony target (prerequisite of .PHONY).
#  Implicit rule search has not been done.
#  File does not exist.
#  File has not been updated.
#  commands to execute (from `Makefile', line 104):
	@make fclean -C $(LIBS_DIR)/Libft
	@make fclean -C $(LIBS_DIR)/Get_Next_Line
	@rm -f $(NAME)
	

# Not a target:
objs/do_other.o:
#  Implicit rule search has not been done.
#  Modification time never checked.
#  File has not been updated.

# Not a target:
objs/utils.o:
#  Implicit rule search has not been done.
#  Modification time never checked.
#  File has not been updated.

# Not a target:
objs/files_lst_heredoc.o:
#  Implicit rule search has not been done.
#  Modification time never checked.
#  File has not been updated.

# Not a target:
objs/save_tokens_init.o:
#  Implicit rule search has not been done.
#  Modification time never checked.
#  File has not been updated.

# Not a target:
objs/signal.o:
#  Implicit rule search has not been done.
#  Modification time never checked.
#  File has not been updated.

# Not a target:
objs/pipe_parser.o:
#  Implicit rule search has not been done.
#  Modification time never checked.
#  File has not been updated.

# Not a target:
.DEFAULT:
#  Implicit rule search has not been done.
#  Modification time never checked.
#  File has not been updated.

# Not a target:
objs/path_cmd.o:
#  Implicit rule search has not been done.
#  Modification time never checked.
#  File has not been updated.

# Not a target:
objs/count_tokens.o:
#  Implicit rule search has not been done.
#  Modification time never checked.
#  File has not been updated.

libs/Libft/libft.a:
#  Implicit rule search has not been done.
#  Modification time never checked.
#  File has not been updated.
#  commands to execute (from `Makefile', line 95):
	@make -C $(LIBS_DIR)/Libft
	

# Not a target:
objs/exec.o:
#  Implicit rule search has not been done.
#  Modification time never checked.
#  File has not been updated.

re: fclean all
#  Phony target (prerequisite of .PHONY).
#  Implicit rule search has not been done.
#  File does not exist.
#  File has not been updated.

clean:
#  Phony target (prerequisite of .PHONY).
#  Implicit rule search has not been done.
#  File does not exist.
#  File has not been updated.
#  commands to execute (from `Makefile', line 101):
	@rm -rf $(OBJS_DIR)
	

libs/Get_Next_Line/get_next_line.a:
#  Implicit rule search has not been done.
#  Modification time never checked.
#  File has not been updated.
#  commands to execute (from `Makefile', line 98):
	@make -C $(LIBS_DIR)/Get_Next_Line
	

# Not a target:
objs/print_miniconcha.o:
#  Implicit rule search has not been done.
#  Modification time never checked.
#  File has not been updated.

# Not a target:
src/cd.c:
#  Implicit rule search has been done.
#  Last modified 2022-09-23 12:45:24
#  File has been updated.
#  Successfully updated.
# variable set hash-table stats:
# Load=0/32=0%, Rehash=0, Collisions=0/0=0%

# Not a target:
objs/env.o:
#  Implicit rule search has not been done.
#  Modification time never checked.
#  File has not been updated.

# Not a target:
objs/exit.o:
#  Implicit rule search has not been done.
#  Modification time never checked.
#  File has not been updated.

# Not a target:
objs/token_len.o:
#  Implicit rule search has not been done.
#  Modification time never checked.
#  File has not been updated.

# Not a target:
objs/unset.o:
#  Implicit rule search has not been done.
#  Modification time never checked.
#  File has not been updated.

# Not a target:
objs/parser.o:
#  Implicit rule search has not been done.
#  Modification time never checked.
#  File has not been updated.

# Not a target:
objs/cd_utils.o:
#  Implicit rule search has not been done.
#  Modification time never checked.
#  File has not been updated.

# Not a target:
objs/out_file.o:
#  Implicit rule search has not been done.
#  Modification time never checked.
#  File has not been updated.

# Not a target:
objs/do_dir.o:
#  Implicit rule search has not been done.
#  Modification time never checked.
#  File has not been updated.

# files hash-table stats:
# Load=54/1024=5%, Rehash=0, Collisions=0/124=0%
# VPATH Search Paths

# No `vpath' search paths.

# No general (`VPATH' variable) search path.

# # of strings in strcache: 1
# # of strcache buffers: 1
# strcache size: total = 4096 / max = 4096 / min = 4096 / avg = 4096
# strcache free: total = 4087 / max = 4087 / min = 4087 / avg = 4087

# Finished Make data base on Mon Oct 24 21:14:42 2022

 
